Session name....... mpi_sample_ring_comm
Directory.......... CIVLREP
Date............... Wed Mar 16 20:08:07 MDT 2016
Trace ID........... 0
Violation number....... 0

== Begin Violation Message == 
Violation 0[length=109, file=CIVLREP/mpi_sample_ring_comm_0.trace]:
CIVL execution violation (kind: DEADLOCK, certainty: PROVEABLE)
at mpi_sample_ring_comm.cvl:84.19-20 ";":
A deadlock is possible:
  Path condition: (0 <= -1*X0+9) && (0 <= X0+-1)
  Enabling predicate: false
process p0 (id=0): false
process p1 (id=1): false
process p2 (id=2): false
process p3 (id=3): false
process p4 (id=4): false

Context:
(0<=-1*X0+9) && (0<=X0+-1)

Call stacks:
process p0 (id=0):
  _CIVL_system at mpi_sample_ring_comm.cvl:84.19-20 ";"
process p1 (id=1):
  _gen_main at mpi_sample_ring_comm.cvl:62.1-6 "$when" called from
  _mpi_process at mpi_sample_ring_comm.cvl:76.2-11 "_gen_main"
process p2 (id=2):
  _gen_main at mpi_sample_ring_comm.cvl:62.1-6 "$when" called from
  _mpi_process at mpi_sample_ring_comm.cvl:76.2-11 "_gen_main"
process p3 (id=3):
  _gen_main at mpi_sample_ring_comm.cvl:62.1-6 "$when" called from
  _mpi_process at mpi_sample_ring_comm.cvl:76.2-11 "_gen_main"
process p4 (id=4):
  _gen_main at mpi_sample_ring_comm.cvl:62.1-6 "$when" called from
  _mpi_process at mpi_sample_ring_comm.cvl:76.2-11 "_gen_main"

== End Violation Message == 

== Begin Configuration ==
-input_mpi_nprocs=4
mpi_sample_ring_comm.cvl
== End Configuration ==

== Begin Trace ==
LENGTH = 109
== End Trace ==
